{"D:\\ReactNamasteRestaurantProject\\src\\AppLayout\\Components\\sum.js": {"path":"D:\\ReactNamasteRestaurantProject\\src\\AppLayout\\Components\\sum.js","statementMap":{"0":{"start":{"line":1,"column":19},"end":{"line":3,"column":1}},"1":{"start":{"line":2,"column":4},"end":{"line":2,"column":16}}},"fnMap":{"0":{"name":"(anonymous_0)","decl":{"start":{"line":1,"column":19},"end":{"line":1,"column":20}},"loc":{"start":{"line":1,"column":28},"end":{"line":3,"column":1}},"line":1}},"branchMap":{},"s":{"0":1,"1":1},"f":{"0":1},"b":{},"_coverageSchema":"1a1c01bbd47fc00a2c39e90264f33305004495a9","hash":"96fb2c92d3bbda23adf677204485d7a12ae6c5c8"}
,"D:\\ReactNamasteRestaurantProject\\src\\AppLayout\\Components\\Body\\Body.js": {"path":"D:\\ReactNamasteRestaurantProject\\src\\AppLayout\\Components\\Body\\Body.js","statementMap":{"0":{"start":{"line":7,"column":13},"end":{"line":46,"column":1}},"1":{"start":{"line":8,"column":49},"end":{"line":8,"column":73}},"2":{"start":{"line":9,"column":33},"end":{"line":9,"column":47}},"3":{"start":{"line":10,"column":17},"end":{"line":10,"column":40}},"4":{"start":{"line":11,"column":4},"end":{"line":11,"column":32}},"5":{"start":{"line":12,"column":39},"end":{"line":12,"column":51}},"6":{"start":{"line":13,"column":28},"end":{"line":16,"column":5}},"7":{"start":{"line":14,"column":8},"end":{"line":14,"column":96}},"8":{"start":{"line":14,"column":65},"end":{"line":14,"column":94}},"9":{"start":{"line":15,"column":8},"end":{"line":15,"column":46}},"10":{"start":{"line":17,"column":26},"end":{"line":22,"column":5}},"11":{"start":{"line":18,"column":8},"end":{"line":18,"column":142}},"12":{"start":{"line":18,"column":71},"end":{"line":18,"column":140}},"13":{"start":{"line":19,"column":8},"end":{"line":19,"column":46}},"14":{"start":{"line":20,"column":8},"end":{"line":20,"column":45}},"15":{"start":{"line":21,"column":8},"end":{"line":21,"column":26}},"16":{"start":{"line":23,"column":4},"end":{"line":23,"column":34}},"17":{"start":{"line":24,"column":4},"end":{"line":24,"column":28}},"18":{"start":{"line":25,"column":4},"end":{"line":45,"column":6}},"19":{"start":{"line":29,"column":259},"end":{"line":29,"column":288}},"20":{"start":{"line":34,"column":221},"end":{"line":34,"column":262}},"21":{"start":{"line":38,"column":81},"end":{"line":38,"column":191}}},"fnMap":{"0":{"name":"(anonymous_0)","decl":{"start":{"line":7,"column":13},"end":{"line":7,"column":14}},"loc":{"start":{"line":7,"column":19},"end":{"line":46,"column":1}},"line":7},"1":{"name":"(anonymous_1)","decl":{"start":{"line":13,"column":28},"end":{"line":13,"column":29}},"loc":{"start":{"line":13,"column":34},"end":{"line":16,"column":5}},"line":13},"2":{"name":"(anonymous_2)","decl":{"start":{"line":14,"column":51},"end":{"line":14,"column":52}},"loc":{"start":{"line":14,"column":65},"end":{"line":14,"column":94}},"line":14},"3":{"name":"(anonymous_3)","decl":{"start":{"line":17,"column":26},"end":{"line":17,"column":27}},"loc":{"start":{"line":17,"column":32},"end":{"line":22,"column":5}},"line":17},"4":{"name":"(anonymous_4)","decl":{"start":{"line":18,"column":55},"end":{"line":18,"column":56}},"loc":{"start":{"line":18,"column":71},"end":{"line":18,"column":140}},"line":18},"5":{"name":"(anonymous_5)","decl":{"start":{"line":29,"column":252},"end":{"line":29,"column":253}},"loc":{"start":{"line":29,"column":259},"end":{"line":29,"column":288}},"line":29},"6":{"name":"(anonymous_6)","decl":{"start":{"line":34,"column":215},"end":{"line":34,"column":216}},"loc":{"start":{"line":34,"column":221},"end":{"line":34,"column":262}},"line":34},"7":{"name":"(anonymous_7)","decl":{"start":{"line":38,"column":67},"end":{"line":38,"column":68}},"loc":{"start":{"line":38,"column":81},"end":{"line":38,"column":191}},"line":38}},"branchMap":{"0":{"loc":{"start":{"line":34,"column":17},"end":{"line":34,"column":296}},"type":"cond-expr","locations":[{"start":{"line":34,"column":73},"end":{"line":34,"column":292}},{"start":{"line":34,"column":294},"end":{"line":34,"column":296}}],"line":34},"1":{"loc":{"start":{"line":38,"column":16},"end":{"line":38,"column":264}},"type":"cond-expr","locations":[{"start":{"line":38,"column":46},"end":{"line":38,"column":192}},{"start":{"line":38,"column":193},"end":{"line":38,"column":264}}],"line":38}},"s":{"0":1,"1":3,"2":2,"3":2,"4":2,"5":2,"6":2,"7":0,"8":0,"9":0,"10":2,"11":0,"12":0,"13":0,"14":0,"15":0,"16":2,"17":2,"18":2,"19":0,"20":0,"21":32},"f":{"0":3,"1":0,"2":0,"3":0,"4":0,"5":0,"6":0,"7":32},"b":{"0":[0,2],"1":[2,0]},"_coverageSchema":"1a1c01bbd47fc00a2c39e90264f33305004495a9","hash":"f101d8059ec1a447ff81541571dd33da6897b874"}
,"D:\\ReactNamasteRestaurantProject\\src\\AppLayout\\Components\\Body\\Card.js": {"path":"D:\\ReactNamasteRestaurantProject\\src\\AppLayout\\Components\\Body\\Card.js","statementMap":{"0":{"start":{"line":4,"column":13},"end":{"line":28,"column":5}},"1":{"start":{"line":6,"column":4},"end":{"line":6,"column":23}},"2":{"start":{"line":7,"column":74},"end":{"line":7,"column":99}},"3":{"start":{"line":8,"column":20},"end":{"line":8,"column":22}},"4":{"start":{"line":9,"column":4},"end":{"line":11,"column":5}},"5":{"start":{"line":10,"column":12},"end":{"line":10,"column":38}},"6":{"start":{"line":12,"column":4},"end":{"line":27,"column":8}}},"fnMap":{"0":{"name":"(anonymous_0)","decl":{"start":{"line":4,"column":13},"end":{"line":4,"column":14}},"loc":{"start":{"line":4,"column":24},"end":{"line":28,"column":5}},"line":4}},"branchMap":{},"s":{"0":2,"1":5,"2":5,"3":0,"4":0,"5":0,"6":0},"f":{"0":5},"b":{},"_coverageSchema":"1a1c01bbd47fc00a2c39e90264f33305004495a9","hash":"e9516a2e67e2f97f28c222e21ca6b499fad1ec20"}
,"D:\\ReactNamasteRestaurantProject\\src\\AppLayout\\Components\\Contact\\Contact.js": {"path":"D:\\ReactNamasteRestaurantProject\\src\\AppLayout\\Components\\Contact\\Contact.js","statementMap":{"0":{"start":{"line":1,"column":16},"end":{"line":10,"column":1}},"1":{"start":{"line":2,"column":4},"end":{"line":9,"column":6}}},"fnMap":{"0":{"name":"(anonymous_0)","decl":{"start":{"line":1,"column":16},"end":{"line":1,"column":17}},"loc":{"start":{"line":1,"column":22},"end":{"line":10,"column":1}},"line":1}},"branchMap":{},"s":{"0":1,"1":4},"f":{"0":4},"b":{},"_coverageSchema":"1a1c01bbd47fc00a2c39e90264f33305004495a9","hash":"da41128b8f5858058c9235dc65261b3e3d484b77"}
,"D:\\ReactNamasteRestaurantProject\\src\\AppLayout\\Components\\Header\\Header.js": {"path":"D:\\ReactNamasteRestaurantProject\\src\\AppLayout\\Components\\Header\\Header.js","statementMap":{"0":{"start":{"line":5,"column":15},"end":{"line":20,"column":1}},"1":{"start":{"line":6,"column":17},"end":{"line":6,"column":57}},"2":{"start":{"line":6,"column":40},"end":{"line":6,"column":56}},"3":{"start":{"line":7,"column":4},"end":{"line":7,"column":22}},"4":{"start":{"line":8,"column":4},"end":{"line":19,"column":6}}},"fnMap":{"0":{"name":"(anonymous_0)","decl":{"start":{"line":5,"column":15},"end":{"line":5,"column":16}},"loc":{"start":{"line":5,"column":21},"end":{"line":20,"column":1}},"line":5},"1":{"name":"(anonymous_1)","decl":{"start":{"line":6,"column":29},"end":{"line":6,"column":30}},"loc":{"start":{"line":6,"column":40},"end":{"line":6,"column":56}},"line":6}},"branchMap":{},"s":{"0":1,"1":3,"2":6,"3":3,"4":3},"f":{"0":3,"1":6},"b":{},"_coverageSchema":"1a1c01bbd47fc00a2c39e90264f33305004495a9","hash":"6c5289198078678594ee594e66051dc38c74e5cd"}
,"D:\\ReactNamasteRestaurantProject\\src\\AppStore\\AppStore.js": {"path":"D:\\ReactNamasteRestaurantProject\\src\\AppStore\\AppStore.js","statementMap":{"0":{"start":{"line":3,"column":27},"end":{"line":3,"column":54}},"1":{"start":{"line":5,"column":17},"end":{"line":9,"column":2}}},"fnMap":{},"branchMap":{},"s":{"0":1,"1":1},"f":{},"b":{},"_coverageSchema":"1a1c01bbd47fc00a2c39e90264f33305004495a9","hash":"18120daf42b16878209d91f3c4ef05f8f92c0d32"}
,"D:\\ReactNamasteRestaurantProject\\src\\Slices\\CartSlice.js": {"path":"D:\\ReactNamasteRestaurantProject\\src\\Slices\\CartSlice.js","statementMap":{"0":{"start":{"line":3,"column":18},"end":{"line":21,"column":2}},"1":{"start":{"line":10,"column":12},"end":{"line":10,"column":45}},"2":{"start":{"line":13,"column":24},"end":{"line":13,"column":101}},"3":{"start":{"line":13,"column":53},"end":{"line":13,"column":100}},"4":{"start":{"line":14,"column":12},"end":{"line":14,"column":35}},"5":{"start":{"line":15,"column":12},"end":{"line":15,"column":37}},"6":{"start":{"line":18,"column":12},"end":{"line":18,"column":35}},"7":{"start":{"line":23,"column":46},"end":{"line":23,"column":63}}},"fnMap":{"0":{"name":"(anonymous_0)","decl":{"start":{"line":9,"column":18},"end":{"line":9,"column":19}},"loc":{"start":{"line":9,"column":36},"end":{"line":11,"column":9}},"line":9},"1":{"name":"(anonymous_1)","decl":{"start":{"line":12,"column":21},"end":{"line":12,"column":22}},"loc":{"start":{"line":12,"column":39},"end":{"line":16,"column":9}},"line":12},"2":{"name":"(anonymous_2)","decl":{"start":{"line":13,"column":43},"end":{"line":13,"column":44}},"loc":{"start":{"line":13,"column":53},"end":{"line":13,"column":100}},"line":13},"3":{"name":"(anonymous_3)","decl":{"start":{"line":17,"column":19},"end":{"line":17,"column":20}},"loc":{"start":{"line":17,"column":30},"end":{"line":19,"column":9}},"line":17}},"branchMap":{},"s":{"0":1,"1":0,"2":0,"3":0,"4":0,"5":0,"6":0,"7":1},"f":{"0":0,"1":0,"2":0,"3":0},"b":{},"_coverageSchema":"1a1c01bbd47fc00a2c39e90264f33305004495a9","hash":"aeed546c53e198ce0c7fb812d5965ffac4586553"}
,"D:\\ReactNamasteRestaurantProject\\src\\utils\\UserContext.js": {"path":"D:\\ReactNamasteRestaurantProject\\src\\utils\\UserContext.js","statementMap":{"0":{"start":{"line":3,"column":20},"end":{"line":5,"column":2}}},"fnMap":{},"branchMap":{},"s":{"0":1},"f":{},"b":{},"_coverageSchema":"1a1c01bbd47fc00a2c39e90264f33305004495a9","hash":"03845ccb9e88e476e381fb9b07afa18c92252ed4"}
,"D:\\ReactNamasteRestaurantProject\\src\\utils\\constant.js": {"path":"D:\\ReactNamasteRestaurantProject\\src\\utils\\constant.js","statementMap":{"0":{"start":{"line":1,"column":23},"end":{"line":1,"column":114}},"1":{"start":{"line":3,"column":28},"end":{"line":3,"column":239}}},"fnMap":{},"branchMap":{},"s":{"0":2,"1":2},"f":{},"b":{},"_coverageSchema":"1a1c01bbd47fc00a2c39e90264f33305004495a9","hash":"5221d68ad2787d31a79dd3e284a1556ea518478a"}
,"D:\\ReactNamasteRestaurantProject\\src\\utils\\mockData.js": {"path":"D:\\ReactNamasteRestaurantProject\\src\\utils\\mockData.js","statementMap":{"0":{"start":{"line":1,"column":23},"end":{"line":1096,"column":1}}},"fnMap":{},"branchMap":{},"s":{"0":1},"f":{},"b":{},"_coverageSchema":"1a1c01bbd47fc00a2c39e90264f33305004495a9","hash":"1a3ec09d4a134fef2cb40f63fb8432620aa1514a"}
,"D:\\ReactNamasteRestaurantProject\\src\\utils\\mockDataForTest.js": {"path":"D:\\ReactNamasteRestaurantProject\\src\\utils\\mockDataForTest.js","statementMap":{"0":{"start":{"line":1,"column":17},"end":{"line":59,"column":1}}},"fnMap":{},"branchMap":{},"s":{"0":1},"f":{},"b":{},"_coverageSchema":"1a1c01bbd47fc00a2c39e90264f33305004495a9","hash":"9f9af8d015a9fccae85c4c8a9c783676c1263239"}
}
